MIF/HEX Update report for AP9
Fri Mar 17 16:03:15 2017
Quartus II 32-bit Version 11.1 Build 259 01/25/2012 Service Pack 2 SJ Web Edition


---------------------
; Table of Contents ;
---------------------
  1. Legal Notice
  2. MIF/HEX Update Summary
  3. MIF/HEX Update Processed Files
  4. MIF/HEX Update Messages



----------------
; Legal Notice ;
----------------
Copyright (C) 1991-2011 Altera Corporation
Your use of Altera Corporation's design tools, logic functions 
and other software and tools, and its AMPP partner logic 
functions, and any output files from any of the foregoing 
(including device programming or simulation files), and any 
associated documentation or information are expressly subject 
to the terms and conditions of the Altera Program License 
Subscription Agreement, Altera MegaCore Function License 
Agreement, or other applicable license agreement, including, 
without limitation, that your use is for the sole purpose of 
programming logic devices manufactured by Altera and sold by 
Altera or its authorized distributors.  Please refer to the 
applicable agreement for further details.



+---------------------------------------------------------------+
; MIF/HEX Update Summary                                        ;
+-----------------------+---------------------------------------+
; MIF/HEX Update Status ; Successful - Fri Mar 17 16:03:15 2017 ;
; Revision Name         ; AP9                                   ;
; Top-level Entity Name ; kit                                   ;
; Family                ; Cyclone IV E                          ;
; Device                ; EP4CE115F29C7                         ;
+-----------------------+---------------------------------------+


+----------------------------------------------------------------+
; MIF/HEX Update Processed Files                                 ;
+----------------------------------------------------------------+
; File Name                                                      ;
+----------------------------------------------------------------+
; C:/Users/diogo.trevisan/Documents/AP9/processor/charmap.mif    ;
; C:/Users/diogo.trevisan/Documents/AP9/processor/cpuram.mif     ;
; C:/Users/diogo.trevisan/Documents/AP9/processor/video_mem1.mif ;
; C:/Users/diogo.trevisan/Documents/AP9/processor/video_mem2.mif ;
+----------------------------------------------------------------+


+-------------------------+
; MIF/HEX Update Messages ;
+-------------------------+
Info: *******************************************************************
Info: Running Quartus II 32-bit MIF/HEX Update
    Info: Version 11.1 Build 259 01/25/2012 Service Pack 2 SJ Web Edition
    Info: Processing started: Fri Mar 17 16:03:09 2017
Info: Command: quartus_cdb AP9 -c AP9 --update_mif
Critical Warning (127005): Memory depth (65536) in the design file differs from memory depth (32768) in the Memory Initialization File "C:/Users/diogo.trevisan/Documents/AP9/processor/cpuram.mif" -- setting initial value for remaining addresses to 0
Info (39024): Processed the following Memory Initialization File(s)
    Info (39025): Processed Memory Initialization File C:/Users/diogo.trevisan/Documents/AP9/processor/charmap.mif
    Info (39025): Processed Memory Initialization File C:/Users/diogo.trevisan/Documents/AP9/processor/cpuram.mif
    Info (39025): Processed Memory Initialization File C:/Users/diogo.trevisan/Documents/AP9/processor/video_mem1.mif
    Info (39025): Processed Memory Initialization File C:/Users/diogo.trevisan/Documents/AP9/processor/video_mem2.mif
Info: Quartus II 32-bit MIF/HEX Update was successful. 0 errors, 1 warning
    Info: Peak virtual memory: 289 megabytes
    Info: Processing ended: Fri Mar 17 16:03:15 2017
    Info: Elapsed time: 00:00:06
    Info: Total CPU time (on all processors): 00:00:05


