Flow report for AP9
Fri Mar 17 16:13:43 2017
Quartus II 32-bit Version 11.1 Build 259 01/25/2012 Service Pack 2 SJ Web Edition


---------------------
; Table of Contents ;
---------------------
  1. Legal Notice
  2. Flow Summary
  3. Flow Settings
  4. Flow Non-Default Global Settings
  5. Flow Elapsed Time
  6. Flow OS Summary
  7. Flow Log



----------------
; Legal Notice ;
----------------
Copyright (C) 1991-2011 Altera Corporation
Your use of Altera Corporation's design tools, logic functions 
and other software and tools, and its AMPP partner logic 
functions, and any output files from any of the foregoing 
(including device programming or simulation files), and any 
associated documentation or information are expressly subject 
to the terms and conditions of the Altera Program License 
Subscription Agreement, Altera MegaCore Function License 
Agreement, or other applicable license agreement, including, 
without limitation, that your use is for the sole purpose of 
programming logic devices manufactured by Altera and sold by 
Altera or its authorized distributors.  Please refer to the 
applicable agreement for further details.



+------------------------------------------------------------------------------------+
; Flow Summary                                                                       ;
+------------------------------------+-----------------------------------------------+
; Flow Status                        ; Successful - Fri Mar 17 16:13:43 2017         ;
; Quartus II 32-bit Version          ; 11.1 Build 259 01/25/2012 SP 2 SJ Web Edition ;
; Revision Name                      ; AP9                                           ;
; Top-level Entity Name              ; kit                                           ;
; Family                             ; Cyclone IV E                                  ;
; Device                             ; EP4CE115F29C7                                 ;
; Timing Models                      ; Final                                         ;
; Total logic elements               ; 3,234 / 114,480 ( 3 % )                       ;
;     Total combinational functions  ; 3,141 / 114,480 ( 3 % )                       ;
;     Dedicated logic registers      ; 710 / 114,480 ( < 1 % )                       ;
; Total registers                    ; 710                                           ;
; Total pins                         ; 57 / 529 ( 11 % )                             ;
; Total virtual pins                 ; 0                                             ;
; Total memory bits                  ; 1,470,464 / 3,981,312 ( 37 % )                ;
; Embedded Multiplier 9-bit elements ; 2 / 532 ( < 1 % )                             ;
; Total PLLs                         ; 0 / 4 ( 0 % )                                 ;
+------------------------------------+-----------------------------------------------+


+-----------------------------------------+
; Flow Settings                           ;
+-------------------+---------------------+
; Option            ; Setting             ;
+-------------------+---------------------+
; Start date & time ; 03/17/2017 16:11:34 ;
; Main task         ; Compilation         ;
; Revision Name     ; AP9                 ;
+-------------------+---------------------+


+------------------------------------------------------------------------------------------------------------------------------+
; Flow Non-Default Global Settings                                                                                             ;
+--------------------------------------+---------------------------------------+---------------+-------------+-----------------+
; Assignment Name                      ; Value                                 ; Default Value ; Entity Name ; Section Id      ;
+--------------------------------------+---------------------------------------+---------------+-------------+-----------------+
; BLOCK_DESIGN_NAMING                  ; QuartusII                             ; Auto          ; --          ; --              ;
; COMPILER_SIGNATURE_ID                ; 66290980669794.148977789306200        ; --            ; --          ; --              ;
; EDA_DESIGN_INSTANCE_NAME             ; NA                                    ; --            ; --          ; ramWithClock_tb ;
; EDA_NATIVELINK_SIMULATION_TEST_BENCH ; ramWithClock_tb                       ; --            ; --          ; eda_simulation  ;
; EDA_OUTPUT_DATA_FORMAT               ; Vhdl                                  ; --            ; --          ; eda_simulation  ;
; EDA_SIMULATION_TOOL                  ; ModelSim-Altera (VHDL)                ; <None>        ; --          ; --              ;
; EDA_TEST_BENCH_ENABLE_STATUS         ; TEST_BENCH_MODE                       ; --            ; --          ; eda_simulation  ;
; EDA_TEST_BENCH_FILE                  ; ramWithClock_tb.v                     ; --            ; --          ; ramWithClock_tb ;
; EDA_TEST_BENCH_MODULE_NAME           ; ramWithClock_tb                       ; --            ; --          ; ramWithClock_tb ;
; EDA_TEST_BENCH_NAME                  ; ramWithClock_tb                       ; --            ; --          ; eda_simulation  ;
; IP_TOOL_NAME                         ; ROM: 1-PORT                           ; --            ; --          ; --              ;
; IP_TOOL_NAME                         ; RAM: 1-PORT                           ; --            ; --          ; --              ;
; IP_TOOL_VERSION                      ; 10.1                                  ; --            ; --          ; --              ;
; IP_TOOL_VERSION                      ; 13.1                                  ; --            ; --          ; --              ;
; MAX_CORE_JUNCTION_TEMP               ; 85                                    ; --            ; --          ; --              ;
; MIN_CORE_JUNCTION_TEMP               ; 0                                     ; --            ; --          ; --              ;
; MISC_FILE                            ; AP9.dpf                               ; --            ; --          ; --              ;
; MISC_FILE                            ; lpm_rom0.bsf                          ; --            ; --          ; --              ;
; MISC_FILE                            ; lpm_rom0.cmp                          ; --            ; --          ; --              ;
; MISC_FILE                            ; RAM.bsf                               ; --            ; --          ; --              ;
; MISC_FILE                            ; RAM.cmp                               ; --            ; --          ; --              ;
; PARTITION_COLOR                      ; 16764057                              ; --            ; kit         ; Top             ;
; PARTITION_FITTER_PRESERVATION_LEVEL  ; PLACEMENT_AND_ROUTING                 ; --            ; kit         ; Top             ;
; PARTITION_NETLIST_TYPE               ; SOURCE                                ; --            ; kit         ; Top             ;
; POWER_BOARD_THERMAL_MODEL            ; None (CONSERVATIVE)                   ; --            ; --          ; --              ;
; POWER_PRESET_COOLING_SOLUTION        ; 23 MM HEAT SINK WITH 200 LFPM AIRFLOW ; --            ; --          ; --              ;
; SMART_RECOMPILE                      ; On                                    ; Off           ; --          ; --              ;
; SYNTH_TIMING_DRIVEN_SYNTHESIS        ; Off                                   ; On            ; --          ; --              ;
; TOP_LEVEL_ENTITY                     ; kit                                   ; AP9           ; --          ; --              ;
+--------------------------------------+---------------------------------------+---------------+-------------+-----------------+


+-------------------------------------------------------------------------------------------------------------------------------+
; Flow Elapsed Time                                                                                                             ;
+---------------------------+--------------+-------------------------+---------------------+------------------------------------+
; Module Name               ; Elapsed Time ; Average Processors Used ; Peak Virtual Memory ; Total CPU Time (on all processors) ;
+---------------------------+--------------+-------------------------+---------------------+------------------------------------+
; Analysis & Synthesis      ; 00:00:49     ; 1.0                     ; 355 MB              ; 00:00:47                           ;
; Fitter                    ; 00:00:40     ; 1.0                     ; 505 MB              ; 00:00:37                           ;
; Assembler                 ; 00:00:10     ; 1.0                     ; 506 MB              ; 00:00:10                           ;
; TimeQuest Timing Analyzer ; 00:00:22     ; 1.0                     ; 375 MB              ; 00:00:15                           ;
; EDA Netlist Writer        ; 00:00:12     ; 1.0                     ; 291 MB              ; 00:00:10                           ;
; Total                     ; 00:02:13     ; --                      ; --                  ; 00:01:59                           ;
+---------------------------+--------------+-------------------------+---------------------+------------------------------------+


+----------------------------------------------------------------------------------------+
; Flow OS Summary                                                                        ;
+---------------------------+------------------+-----------+------------+----------------+
; Module Name               ; Machine Hostname ; OS Name   ; OS Version ; Processor type ;
+---------------------------+------------------+-----------+------------+----------------+
; Analysis & Synthesis      ; L410A1-038411    ; Windows 7 ; 6.1        ; i686           ;
; Fitter                    ; L410A1-038411    ; Windows 7 ; 6.1        ; i686           ;
; Assembler                 ; L410A1-038411    ; Windows 7 ; 6.1        ; i686           ;
; TimeQuest Timing Analyzer ; L410A1-038411    ; Windows 7 ; 6.1        ; i686           ;
; EDA Netlist Writer        ; L410A1-038411    ; Windows 7 ; 6.1        ; i686           ;
+---------------------------+------------------+-----------+------------+----------------+


------------
; Flow Log ;
------------
quartus_map --read_settings_files=on --write_settings_files=off AP9 -c AP9
quartus_fit --read_settings_files=off --write_settings_files=off AP9 -c AP9
quartus_asm --read_settings_files=off --write_settings_files=off AP9 -c AP9
quartus_sta AP9 -c AP9
quartus_eda --read_settings_files=off --write_settings_files=off AP9 -c AP9



